Start testing: Mar 25 19:35 MSK
----------------------------------------------------------
1/3 Testing: test_basefile
1/3 Test: test_basefile
Command: "/Users/a1234/Desktop/учеба/2сем/СД/СДлабы/2/build/test_basefile"
Directory: /Users/a1234/Desktop/учеба/2сем/СД/СДлабы/2/build
"test_basefile" start time: Mar 25 19:35 MSK
Output:
----------------------------------------------------------
 Тест 1: BaseFile 
Вызван Base конструктор, принимающий путь к файлу и флаг
Вызван Base деструктор
Сжатый файл имеет размер: 45000 байт
Вызван Base конструктор, принимающий путь к файлу и флаг
ТЕСТ ПРОЙДЕН
Вызван Base деструктор
<end of output>
Test time =   0.00 sec
----------------------------------------------------------
Test Passed.
"test_basefile" end time: Mar 25 19:35 MSK
"test_basefile" time elapsed: 00:00:00
----------------------------------------------------------

2/3 Testing: test_rlefile
2/3 Test: test_rlefile
Command: "/Users/a1234/Desktop/учеба/2сем/СД/СДлабы/2/build/test_rlefile"
Directory: /Users/a1234/Desktop/учеба/2сем/СД/СДлабы/2/build
"test_rlefile" start time: Mar 25 19:35 MSK
Output:
----------------------------------------------------------
 Тест2: RleFile 
Оригинальные данные (первые 10 байт): 16 172 228 162 151 171 73 100 68 89 
Вызван Base конструктор, принимающий путь к файлу и флаг
Вызван RLE конструктор, принимающий путь к файлу и флаг
Записано байт: 45000
Вызван RLE деструктор
  hasPendingData = 0
Вызван Base деструктор
Вызван Base конструктор, принимающий путь к файлу и флаг
Вызван RLE конструктор, принимающий путь к файлу и флаг
Прочитано байт: 45000
Прочитанные данные (первые 10 байт): 16 172 228 162 151 171 73 100 68 89 
ТЕСТ ПРОЙДЕН
Вызван RLE деструктор
  hasPendingData = 0
Вызван Base деструктор
<end of output>
Test time =   0.51 sec
----------------------------------------------------------
Test Passed.
"test_rlefile" end time: Mar 25 19:35 MSK
"test_rlefile" time elapsed: 00:00:00
----------------------------------------------------------

3/3 Testing: test_rlefile2
3/3 Test: test_rlefile2
Command: "/Users/a1234/Desktop/учеба/2сем/СД/СДлабы/2/build/test_rlefile2"
Directory: /Users/a1234/Desktop/учеба/2сем/СД/СДлабы/2/build
"test_rlefile2" start time: Mar 25 19:35 MSK
Output:
----------------------------------------------------------
 Тест3 : RleFile2 
Вызван Base конструктор, принимающий путь к файлу и флаг
Вызван RLE2 конструктор
Вызван RLE2 деструктор
Вызван Base деструктор
Вызван Base конструктор, принимающий путь к файлу и флаг
Вызван RLE2 конструктор
ТЕСТ ПРОЙДЕН
Вызван RLE2 деструктор
Вызван Base деструктор
<end of output>
Test time =   0.37 sec
----------------------------------------------------------
Test Passed.
"test_rlefile2" end time: Mar 25 19:35 MSK
"test_rlefile2" time elapsed: 00:00:00
----------------------------------------------------------

End testing: Mar 25 19:35 MSK
